<?xml version="1.0" encoding="UTF-8"?>
<testsuite xmlns:xsi="http://www.w3.org/2001/XMLSchema-instance" xsi:noNamespaceSchemaLocation="https://maven.apache.org/surefire/maven-surefire-plugin/xsd/surefire-test-report.xsd" name="ContactManagerTest" time="0.143" tests="24" errors="0" skipped="0" failures="0">
  <properties>
[...]
</properties>
  <testcase name="shouldCreateContactOnMAC" classname="ContactManagerTest" time="0.017"/>
  <testcase name="shouldTestPhoneNumberFormatUsingMethodSource{String}[1]" classname="ContactManagerTest" time="0.019"/>
  <testcase name="shouldTestPhoneNumberFormatUsingMethodSource{String}[2]" classname="ContactManagerTest" time="0.001"/>
  <testcase name="shouldTestPhoneNumberFormatUsingMethodSource{String}[3]" classname="ContactManagerTest" time="0.001"/>
  <testcase name="shouldThrowRuntimeExceptionWhenPhoneNumberIsNull" classname="ContactManagerTest" time="0.001"/>
  <testcase name="shouldTestPhoneNumberFormat" classname="ContactManagerTest" time="0"/>
  <testcase name="shouldThrowRuntimeExceptionWhenFirstNameIsNull" classname="ContactManagerTest" time="0.001"/>
  <testcase name="shouldThrowRuntimeExceptionWhenLastNameIsNull" classname="ContactManagerTest" time="0.001"/>
  <testcase name="shouldTestContactCreationOnDEV" classname="ContactManagerTest" time="0.001"/>
  <testcase name="shouldCreateContact" classname="ContactManagerTest" time="0"/>
  <testcase name="shouldTestPhoneNumberFormatUsingCSVFileSource{String}[1]" classname="ContactManagerTest$ParameterizedTests" time="0.002"/>
  <testcase name="shouldTestPhoneNumberFormatUsingCSVFileSource{String}[2]" classname="ContactManagerTest$ParameterizedTests" time="0"/>
  <testcase name="shouldTestPhoneNumberFormatUsingCSVFileSource{String}[3]" classname="ContactManagerTest$ParameterizedTests" time="0.001"/>
  <testcase name="shouldTestPhoneNumberFormatUsingValueSource{String}[1]" classname="ContactManagerTest$ParameterizedTests" time="0.001"/>
  <testcase name="shouldTestPhoneNumberFormatUsingValueSource{String}[2]" classname="ContactManagerTest$ParameterizedTests" time="0"/>
  <testcase name="shouldTestPhoneNumberFormatUsingValueSource{String}[3]" classname="ContactManagerTest$ParameterizedTests" time="0.001"/>
  <testcase name="shouldTestPhoneNumberFormatUsingCSVSource{String}[1]" classname="ContactManagerTest$ParameterizedTests" time="0.001"/>
  <testcase name="shouldTestPhoneNumberFormatUsingCSVSource{String}[2]" classname="ContactManagerTest$ParameterizedTests" time="0"/>
  <testcase name="shouldTestPhoneNumberFormatUsingCSVSource{String}[3]" classname="ContactManagerTest$ParameterizedTests" time="0.001"/>
  <testcase name="shouldTestContactCreationRepeatedly[1]" classname="ContactManagerTest$RepeatedTests" time="0"/>
  <testcase name="shouldTestContactCreationRepeatedly[2]" classname="ContactManagerTest$RepeatedTests" time="0"/>
  <testcase name="shouldTestContactCreationRepeatedly[3]" classname="ContactManagerTest$RepeatedTests" time="0"/>
  <testcase name="shouldTestContactCreationRepeatedly[4]" classname="ContactManagerTest$RepeatedTests" time="0"/>
  <testcase name="shouldTestContactCreationRepeatedly[5]" classname="ContactManagerTest$RepeatedTests" time="0"/>
</testsuite>